<component name="libraryTable">
  <library name="junit:junit:4.5" type="repository">
    <properties maven-id="junit:junit:4.5" />
    <CLASSES>
      <root url="jar://$PROJECT_DIR$/lib/junit-4.5.jar!/" />
    </CLASSES>
    <JAVADOC />
    <SOURCES>
      <root url="jar://$PROJECT_DIR$/lib/junit-4.5-sources.jar!/" />
    </SOURCES>
  </library>
</component>